<?xml version="1.0" encoding="UTF-8"?>
<!-- Generated by org.testng.reporters.JUnitReportReporter -->
<testsuite skipped="0" hostname="sys" name="com.amazonaws.TestCases.User" tests="2" failures="0" timestamp="21 Apr 2019 18:04:55 GMT" time="3.668" errors="0">
  <testcase name="UserCreation" time="2.216" classname="com.amazonaws.TestCases.User"/>
  <testcase name="VerifyUserJustCreated" time="1.452" classname="com.amazonaws.TestCases.User"/>
</testsuite> <!-- com.amazonaws.TestCases.User -->
